# JRE version: Java(TM) SE Runtime Environment (15.0+36) (build 15+36-1562)
# Java VM: Java HotSpot(TM) 64-Bit Server VM (15+36-1562, mixed mode, sharing, tiered, compressed oops, g1 gc, windows-amd64)
GC Precious Log:
 CPUs: 8 total, 8 available
 Memory: 8088M
 Large Page Support: Disabled
 NUMA Support: Disabled
 Compressed Oops: Enabled (32-bit)
 Heap Region Size: 1M
 Heap Min Capacity: 8M
 Heap Initial Capacity: 128M
 Heap Max Capacity: 2024M
 Pre-touch: Disabled
 Parallel Workers: 8
 Concurrent Workers: 2
 Concurrent Refinement Workers: 8
 Periodic GC: Disabled
Heap:
 garbage-first heap   total 51200K, used 22469K [0x0000000081800000, 0x0000000100000000)
  region size 1024K, 13 young (13312K), 4 survivors (4096K)
 Metaspace       used 27481K, capacity 28068K, committed 28284K, reserved 1081344K
  class space    used 3190K, capacity 3420K, committed 3456K, reserved 1048576K
GC Heap History (20 events):
Event: 0.148 GC heap before
{Heap before GC invocations=0 (full 0):
 garbage-first heap   total 131072K, used 3072K [0x0000000081800000, 0x0000000100000000)
  region size 1024K, 5 young (5120K), 0 survivors (0K)
 Metaspace       used 1082K, capacity 4781K, committed 4864K, reserved 1062912K
  class space    used 91K, capacity 467K, committed 512K, reserved 1048576K
}
Event: 0.150 GC heap after
{Heap after GC invocations=1 (full 0):
 garbage-first heap   total 131072K, used 1763K [0x0000000081800000, 0x0000000100000000)
  region size 1024K, 2 young (2048K), 2 survivors (2048K)
 Metaspace       used 1082K, capacity 4781K, committed 4864K, reserved 1062912K
  class space    used 91K, capacity 467K, committed 512K, reserved 1048576K
}
Event: 0.417 GC heap before
{Heap before GC invocations=2 (full 0):
 garbage-first heap   total 10240K, used 9955K [0x0000000081800000, 0x0000000100000000)
  region size 1024K, 10 young (10240K), 2 survivors (2048K)
 Metaspace       used 3550K, capacity 6306K, committed 6528K, reserved 1062912K
  class space    used 370K, capacity 634K, committed 640K, reserved 1048576K
}
Event: 0.423 GC heap after
{Heap after GC invocations=3 (full 0):
 garbage-first heap   total 14336K, used 3259K [0x0000000081800000, 0x0000000100000000)
  region size 1024K, 2 young (2048K), 2 survivors (2048K)
 Metaspace       used 3550K, capacity 6306K, committed 6528K, reserved 1062912K
  class space    used 370K, capacity 634K, committed 640K, reserved 1048576K
}
Event: 0.493 GC heap before
{Heap before GC invocations=3 (full 0):
 garbage-first heap   total 14336K, used 5307K [0x0000000081800000, 0x0000000100000000)
  region size 1024K, 5 young (5120K), 2 survivors (2048K)
 Metaspace       used 4536K, capacity 7173K, committed 7424K, reserved 1064960K
  class space    used 492K, capacity 731K, committed 768K, reserved 1048576K
}
Event: 0.496 GC heap after
{Heap after GC invocations=4 (full 0):
 garbage-first heap   total 14336K, used 3499K [0x0000000081800000, 0x0000000100000000)
  region size 1024K, 1 young (1024K), 1 survivors (1024K)
 Metaspace       used 4536K, capacity 7173K, committed 7424K, reserved 1064960K
  class space    used 492K, capacity 731K, committed 768K, reserved 1048576K
}
Event: 0.575 GC heap before
{Heap before GC invocations=4 (full 0):
 garbage-first heap   total 14336K, used 6571K [0x0000000081800000, 0x0000000100000000)
  region size 1024K, 4 young (4096K), 1 survivors (1024K)
 Metaspace       used 5577K, capacity 7793K, committed 8064K, reserved 1064960K
  class space    used 640K, capacity 831K, committed 896K, reserved 1048576K
}
Event: 0.576 GC heap after
{Heap after GC invocations=5 (full 0):
 garbage-first heap   total 14336K, used 3607K [0x0000000081800000, 0x0000000100000000)
  region size 1024K, 1 young (1024K), 1 survivors (1024K)
 Metaspace       used 5577K, capacity 7793K, committed 8064K, reserved 1064960K
  class space    used 640K, capacity 831K, committed 896K, reserved 1048576K
}
Event: 0.640 GC heap before
{Heap before GC invocations=5 (full 0):
 garbage-first heap   total 14336K, used 6679K [0x0000000081800000, 0x0000000100000000)
  region size 1024K, 5 young (5120K), 1 survivors (1024K)
 Metaspace       used 5862K, capacity 8020K, committed 8064K, reserved 1064960K
  class space    used 679K, capacity 864K, committed 896K, reserved 1048576K
}
Event: 0.642 GC heap after
{Heap after GC invocations=6 (full 0):
 garbage-first heap   total 72704K, used 3796K [0x0000000081800000, 0x0000000100000000)
  region size 1024K, 1 young (1024K), 1 survivors (1024K)
 Metaspace       used 5862K, capacity 8020K, committed 8064K, reserved 1064960K
  class space    used 679K, capacity 864K, committed 896K, reserved 1048576K
}
Event: 1.440 GC heap before
{Heap before GC invocations=6 (full 0):
 garbage-first heap   total 72704K, used 45780K [0x0000000081800000, 0x0000000100000000)
  region size 1024K, 42 young (43008K), 1 survivors (1024K)
 Metaspace       used 11411K, capacity 13007K, committed 13184K, reserved 1069056K
  class space    used 1349K, capacity 1559K, committed 1664K, reserved 1048576K
}
Event: 1.446 GC heap after
{Heap after GC invocations=7 (full 0):
 garbage-first heap   total 72704K, used 5776K [0x0000000081800000, 0x0000000100000000)
  region size 1024K, 3 young (3072K), 3 survivors (3072K)
 Metaspace       used 11411K, capacity 13007K, committed 13184K, reserved 1069056K
  class space    used 1349K, capacity 1559K, committed 1664K, reserved 1048576K
}
Event: 2.353 GC heap before
{Heap before GC invocations=7 (full 0):
 garbage-first heap   total 72704K, used 45712K [0x0000000081800000, 0x0000000100000000)
  region size 1024K, 42 young (43008K), 3 survivors (3072K)
 Metaspace       used 16473K, capacity 17292K, committed 17536K, reserved 1073152K
  class space    used 1927K, capacity 2069K, committed 2176K, reserved 1048576K
}
Event: 2.363 GC heap after
{Heap after GC invocations=8 (full 0):
 garbage-first heap   total 72704K, used 8926K [0x0000000081800000, 0x0000000100000000)
  region size 1024K, 6 young (6144K), 6 survivors (6144K)
 Metaspace       used 16473K, capacity 17292K, committed 17536K, reserved 1073152K
  class space    used 1927K, capacity 2069K, committed 2176K, reserved 1048576K
}
Event: 2.893 GC heap before
{Heap before GC invocations=8 (full 0):
 garbage-first heap   total 72704K, used 28382K [0x0000000081800000, 0x0000000100000000)
  region size 1024K, 26 young (26624K), 6 survivors (6144K)
 Metaspace       used 20875K, capacity 21455K, committed 21628K, reserved 1077248K
  class space    used 2448K, capacity 2586K, committed 2688K, reserved 1048576K
}
Event: 2.903 GC heap after
{Heap after GC invocations=9 (full 0):
 garbage-first heap   total 72704K, used 10712K [0x0000000081800000, 0x0000000100000000)
  region size 1024K, 2 young (2048K), 2 survivors (2048K)
 Metaspace       used 20875K, capacity 21455K, committed 21628K, reserved 1077248K
  class space    used 2448K, capacity 2586K, committed 2688K, reserved 1048576K
}
Event: 3.450 GC heap before
{Heap before GC invocations=10 (full 0):
 garbage-first heap   total 40960K, used 33240K [0x0000000081800000, 0x0000000100000000)
  region size 1024K, 24 young (24576K), 2 survivors (2048K)
 Metaspace       used 25691K, capacity 26243K, committed 26492K, reserved 1081344K
  class space    used 2991K, capacity 3179K, committed 3200K, reserved 1048576K
}
Event: 3.456 GC heap after
{Heap after GC invocations=11 (full 0):
 garbage-first heap   total 51200K, used 12843K [0x0000000081800000, 0x0000000100000000)
  region size 1024K, 2 young (2048K), 2 survivors (2048K)
 Metaspace       used 25691K, capacity 26243K, committed 26492K, reserved 1081344K
  class space    used 2991K, capacity 3179K, committed 3200K, reserved 1048576K
}
Event: 3.912 GC heap before
{Heap before GC invocations=11 (full 0):
 garbage-first heap   total 51200K, used 37419K [0x0000000081800000, 0x0000000100000000)
  region size 1024K, 27 young (27648K), 2 survivors (2048K)
 Metaspace       used 26889K, capacity 27462K, committed 27644K, reserved 1081344K
  class space    used 3074K, capacity 3282K, committed 3328K, reserved 1048576K
}
Event: 3.921 GC heap after
{Heap after GC invocations=12 (full 0):
 garbage-first heap   total 51200K, used 14277K [0x0000000081800000, 0x0000000100000000)
  region size 1024K, 4 young (4096K), 4 survivors (4096K)
 Metaspace       used 26889K, capacity 27462K, committed 27644K, reserved 1081344K
  class space    used 3074K, capacity 3282K, committed 3328K, reserved 1048576K
}

